天台 检查通过
----------------------------
常山 检查通过
----------------------------
衢州 检查通过
----------------------------
景宁 检查通过
----------------------------
松阳 检查通过
----------------------------
云和 检查通过
----------------------------
开化 检查通过
----------------------------
金东 检查通过
----------------------------
婺城 检查通过
----------------------------
嵊州 检查通过
----------------------------
诸暨 检查通过
----------------------------
淳安 检查通过
----------------------------
桐庐 检查通过
----------------------------
建德 检查通过
----------------------------
萧山 检查通过
----------------------------
杭州拒绝访问地址，请检查网络    http://10.40.64.18:8080/cztdataexchange-war/index.action
XXXXXXXXXXXXXXXXXXXXXXXXXXXX
吴兴 检查通过
----------------------------
安吉 检查通过
----------------------------
湖州 检查通过
----------------------------
嘉善 检查通过
----------------------------
海盐 检查通过
----------------------------
桐乡 检查通过
----------------------------
海宁 检查通过
----------------------------
平湖 检查通过
----------------------------
嘉兴 检查通过
----------------------------
西湖 检查通过
----------------------------
江山 检查通过
----------------------------
长兴 检查通过
----------------------------
============================
=   以下为客户机器限制问题  =
============================
上虞拒绝访问地址，请检查网络    http://10.41.160.1:8080/cztdataexchange-war/index.action
柯桥拒绝访问地址，请检查网络    http://10.41.152.88:8080/cztdataexchange-war/index.action
文成拒绝访问地址，请检查网络    http://10.41.122.16:8080/cztdataexchange-war/index.action
平阳拒绝访问地址，请检查网络    http://10.41.114.67:8080/cztdataexchange-war/index.action
义乌拒绝访问地址，请检查网络    http://10.41.220.83:8080/cztdataexchange-war/index.action
金华拒绝访问地址，请检查网络    http://10.41.192.69:8080/cztdataexchange-war/index.action
新昌拒绝访问地址，请检查网络    http://10.41.185.67:8080/cztdataexchange-war/index.action
丽水拒绝访问地址，请检查网络    http://10.42.192.34:8080/cztdataexchange-war/index.action
舟山拒绝访问地址，请检查网络    http://10.42.128.164:8080/cztdataexchange-war/index.action
龙泉拒绝访问地址，请检查网络    http://10.42.234.16:8080/cztdataexchange-war/index.action
庆元拒绝访问地址，请检查网络    http://10.42.222.39:8080/cztdataexchange-war/index.action
龙游拒绝访问地址，请检查网络    http://10.42.80.71:8080/cztdataexchange-war/index.action
衢江拒绝访问地址，请检查网络    http://10.42.72.6:8080/cztdataexchange-war/index.action
乐清拒绝访问地址，请检查网络    http://10.41.96.157:8080/cztdataexchange-war/index.action
南湖无法进行维护
富阳无法进行维护
青田无法进行维护
